{"/Users/mani/work/coverage-istanbul-wdio/test/web.js":{"b":{"1":[1,0],"2":[1,0]},"branchMap":{"1":{"line":7,"locations":[{"end":{"column":47,"line":7},"start":{"column":29,"line":7}},{"end":{"column":63,"line":7},"start":{"column":50,"line":7}}],"type":"cond-expr"},"2":{"line":7,"locations":[{"end":{"column":99,"line":7},"start":{"column":92,"line":7}},{"end":{"column":111,"line":7},"start":{"column":102,"line":7}}],"type":"cond-expr"}},"code":["(function () { function myClickFunc(){","    console.log('link   ');","}","","var el = document.getElementById('link');","","el[window.addEventListener ? 'addEventListener' : 'attachEvent']( window.addEventListener ? 'click' : 'onclick', myClickFunc, false);","","}());"],"f":{"1":1},"fnMap":{"1":{"line":1,"loc":{"end":{"column":22,"line":1},"start":{"column":0,"line":1}},"name":"myClickFunc"}},"path":"/Users/mani/work/coverage-istanbul-wdio/test/web.js","s":{"1":1,"2":1,"3":1,"4":1},"statementMap":{"1":{"end":{"column":1,"line":3},"start":{"column":0,"line":1}},"2":{"end":{"column":27,"line":2},"start":{"column":4,"line":2}},"3":{"end":{"column":41,"line":5},"start":{"column":0,"line":5}},"4":{"end":{"column":133,"line":7},"start":{"column":0,"line":7}}}}}